11:33:35 INFO  : Registering command handlers for SDK TCF services
11:33:35 INFO  : Launching XSCT server: xsct.bat -interactive E:\Facultad\MyS\lab2\sintesis\lab2.sdk\temp_xsdb_launch_script.tcl
11:33:36 INFO  : XSCT server has started successfully.
11:33:36 INFO  : Successfully done setting XSCT server connection channel  
11:33:36 INFO  : Successfully done setting SDK workspace  
11:33:36 INFO  : Processing command line option -hwspec E:/Facultad/MyS/lab2/sintesis/lab2.sdk/sistema_lab2_wrapper.hdf.
11:44:41 INFO  : Connected to target on host 'lseserver.ddns.net' and port '3121'.
11:44:45 INFO  : Connected to target on host 'lseserver.ddns.net' and port '3121'.
11:45:14 INFO  : Connected to target on host 'lseserver.ddns.net' and port '3121'.
11:45:22 INFO  : Connected to target on host 'lseserver.ddns.net' and port '3121'.
11:45:37 INFO  : 'targets -set -filter {jtag_cable_name =~ "Digilent Arty Z7 003017A4C8ABA" && level==0} -index 1' command is executed.
11:45:37 INFO  : 'fpga -state' command is executed.
11:45:38 INFO  : Connected through redirection to target on host 'lseserver.ddns.net' and port '3121'.
11:45:38 WARN  : SDK version '2018.3' doesn't match hw_server version '2023.2'. Some debug features may not work.
11:45:47 INFO  : Jtag cable 'Digilent Arty Z7 003017A4C8ABA' is selected.
11:45:55 INFO  : 'jtag frequency' command is executed.
11:45:55 INFO  : Sourcing of 'E:/Facultad/MyS/lab2/sintesis/lab2.sdk/sistema_lab2_wrapper_hw_platform_0/ps7_init.tcl' is done.
11:45:56 INFO  : Context for 'APU' is selected.
11:45:56 INFO  : Hardware design information is loaded from 'E:/Facultad/MyS/lab2/sintesis/lab2.sdk/sistema_lab2_wrapper_hw_platform_0/system.hdf'.
11:45:56 INFO  : 'configparams force-mem-access 1' command is executed.
11:45:56 INFO  : Context for 'APU' is selected.
11:45:57 INFO  : 'stop' command is executed.
11:46:18 INFO  : 'ps7_init' command is executed.
11:46:18 INFO  : 'ps7_post_config' command is executed.
11:46:18 INFO  : Context for processor 'ps7_cortexa9_0' is selected.
11:46:19 INFO  : Processor reset is completed for 'ps7_cortexa9_0'.
11:46:19 INFO  : Context for processor 'ps7_cortexa9_0' is selected.
11:46:19 INFO  : The application 'E:/Facultad/MyS/lab2/sintesis/lab2.sdk/lab2/Debug/lab2.elf' is downloaded to processor 'ps7_cortexa9_0'.
11:46:19 INFO  : 'configparams force-mem-access 0' command is executed.
11:46:19 INFO  : ----------------XSDB Script----------------
connect -path [list tcp::1534 tcp:lseserver.ddns.net:3121]
source E:/Facultad/MyS/lab2/sintesis/lab2.sdk/sistema_lab2_wrapper_hw_platform_0/ps7_init.tcl
targets -set -nocase -filter {name =~"APU*" && jtag_cable_name =~ "Digilent Arty Z7 003017A4C8ABA"} -index 0
loadhw -hw E:/Facultad/MyS/lab2/sintesis/lab2.sdk/sistema_lab2_wrapper_hw_platform_0/system.hdf -mem-ranges [list {0x40000000 0xbfffffff}]
configparams force-mem-access 1
targets -set -nocase -filter {name =~"APU*" && jtag_cable_name =~ "Digilent Arty Z7 003017A4C8ABA"} -index 0
stop
ps7_init
ps7_post_config
targets -set -nocase -filter {name =~ "ARM*#0" && jtag_cable_name =~ "Digilent Arty Z7 003017A4C8ABA"} -index 0
rst -processor
targets -set -nocase -filter {name =~ "ARM*#0" && jtag_cable_name =~ "Digilent Arty Z7 003017A4C8ABA"} -index 0
dow E:/Facultad/MyS/lab2/sintesis/lab2.sdk/lab2/Debug/lab2.elf
configparams force-mem-access 0
----------------End of Script----------------

11:46:20 INFO  : Memory regions updated for context APU
11:46:20 INFO  : Context for processor 'ps7_cortexa9_0' is selected.
11:46:20 INFO  : 'con' command is executed.
11:46:20 INFO  : ----------------XSDB Script (After Launch)----------------
targets -set -nocase -filter {name =~ "ARM*#0" && jtag_cable_name =~ "Digilent Arty Z7 003017A4C8ABA"} -index 0
con
----------------End of Script----------------

11:46:20 INFO  : Launch script is exported to file 'E:\Facultad\MyS\lab2\sintesis\lab2.sdk\.sdk\launch_scripts\xilinx_c-c++_application_(system_debugger)\system_debugger_using_debug_lab2.elf_on_local.tcl'
11:51:05 INFO  : Disconnected from the channel tcfchan#3.
19:06:57 INFO  : Registering command handlers for SDK TCF services
19:06:57 INFO  : Launching XSCT server: xsct.bat -interactive E:\Facultad\MyS\lab2\sintesis\lab2.sdk\temp_xsdb_launch_script.tcl
19:06:58 INFO  : XSCT server has started successfully.
19:06:59 INFO  : Successfully done setting XSCT server connection channel  
19:06:59 INFO  : Successfully done setting SDK workspace  
19:06:59 INFO  : Processing command line option -hwspec E:/Facultad/MyS/lab2/sintesis/lab2.sdk/sistema_lab2_wrapper.hdf.
19:06:59 INFO  : Checking for hwspec changes in the project sistema_lab2_wrapper_hw_platform_0.
