21:27:38 INFO  : Registering command handlers for SDK TCF services
21:27:38 INFO  : Launching XSCT server: xsct.bat -interactive E:\Facultad\MyS\lab1\lab1.sdk\temp_xsdb_launch_script.tcl
21:27:40 INFO  : XSCT server has started successfully.
21:27:41 INFO  : Successfully done setting XSCT server connection channel  
21:27:41 INFO  : Successfully done setting SDK workspace  
21:27:41 INFO  : Processing command line option -hwspec E:/Facultad/MyS/lab1/lab1.sdk/system_wrapper.hdf.
21:36:31 INFO  : Connected to target on host '127.0.0.1' and port '3121'.
21:36:49 INFO  : ----------------XSDB Script----------------
connect -url tcp:127.0.0.1:3121
----------------End of Script----------------

21:47:03 INFO  : Connected to target on host 'lseserver.ddns.net' and port '3121'.
21:47:03 WARN  : SDK version '2018.3' doesn't match hw_server version '2023.2'. Some debug features may not work.
21:47:08 INFO  : Jtag cable 'Digilent Arty Z7 003017A4C81CA' is selected.
21:47:08 INFO  : 'jtag frequency' command is executed.
21:47:08 INFO  : Sourcing of 'E:/Facultad/MyS/lab1/lab1.sdk/system_wrapper_hw_platform_0/ps7_init.tcl' is done.
21:47:08 INFO  : Context for 'APU' is selected.
21:47:09 INFO  : Hardware design information is loaded from 'E:/Facultad/MyS/lab1/lab1.sdk/system_wrapper_hw_platform_0/system.hdf'.
21:47:09 INFO  : 'configparams force-mem-access 1' command is executed.
21:47:09 INFO  : Context for 'APU' is selected.
21:47:09 INFO  : 'stop' command is executed.
21:47:11 ERROR : Invalid context
21:47:11 INFO  : ----------------XSDB Script----------------
connect -url tcp:lseserver.ddns.net:3121
source E:/Facultad/MyS/lab1/lab1.sdk/system_wrapper_hw_platform_0/ps7_init.tcl
targets -set -nocase -filter {name =~"APU*" && jtag_cable_name =~ "Digilent Arty Z7 003017A4C81CA"} -index 0
loadhw -hw E:/Facultad/MyS/lab1/lab1.sdk/system_wrapper_hw_platform_0/system.hdf -mem-ranges [list {0x40000000 0xbfffffff}]
configparams force-mem-access 1
targets -set -nocase -filter {name =~"APU*" && jtag_cable_name =~ "Digilent Arty Z7 003017A4C81CA"} -index 0
stop
ps7_init
----------------End of Script----------------

21:48:27 INFO  : Connected to target on host 'lseserver.ddns.net' and port '3121'.
21:48:27 WARN  : SDK version '2018.3' doesn't match hw_server version '2023.2'. Some debug features may not work.
21:48:32 INFO  : Jtag cable 'Digilent Arty Z7 003017A4C81CA' is selected.
21:48:32 INFO  : 'jtag frequency' command is executed.
21:48:32 INFO  : Sourcing of 'E:/Facultad/MyS/lab1/lab1.sdk/system_wrapper_hw_platform_0/ps7_init.tcl' is done.
21:48:32 INFO  : Context for 'APU' is selected.
21:48:33 INFO  : Hardware design information is loaded from 'E:/Facultad/MyS/lab1/lab1.sdk/system_wrapper_hw_platform_0/system.hdf'.
21:48:33 INFO  : 'configparams force-mem-access 1' command is executed.
21:48:33 INFO  : Context for 'APU' is selected.
21:48:33 INFO  : 'stop' command is executed.
21:48:35 ERROR : Invalid context
21:48:35 INFO  : ----------------XSDB Script----------------
connect -url tcp:lseserver.ddns.net:3121
source E:/Facultad/MyS/lab1/lab1.sdk/system_wrapper_hw_platform_0/ps7_init.tcl
targets -set -nocase -filter {name =~"APU*" && jtag_cable_name =~ "Digilent Arty Z7 003017A4C81CA"} -index 0
loadhw -hw E:/Facultad/MyS/lab1/lab1.sdk/system_wrapper_hw_platform_0/system.hdf -mem-ranges [list {0x40000000 0xbfffffff}]
configparams force-mem-access 1
targets -set -nocase -filter {name =~"APU*" && jtag_cable_name =~ "Digilent Arty Z7 003017A4C81CA"} -index 0
stop
ps7_init
----------------End of Script----------------

21:48:54 INFO  : Connected to target on host 'lseserver.ddns.net' and port '3121'.
21:48:54 WARN  : SDK version '2018.3' doesn't match hw_server version '2023.2'. Some debug features may not work.
21:48:55 INFO  : Jtag cable 'Digilent Arty Z7 003017A4C81CA' is selected.
21:48:55 INFO  : 'jtag frequency' command is executed.
21:48:55 INFO  : Sourcing of 'E:/Facultad/MyS/lab1/lab1.sdk/system_wrapper_hw_platform_0/ps7_init.tcl' is done.
21:48:55 INFO  : Context for 'APU' is selected.
21:48:55 INFO  : Hardware design information is loaded from 'E:/Facultad/MyS/lab1/lab1.sdk/system_wrapper_hw_platform_0/system.hdf'.
21:48:55 INFO  : 'configparams force-mem-access 1' command is executed.
21:48:55 INFO  : Context for 'APU' is selected.
21:48:55 INFO  : 'stop' command is executed.
21:48:57 ERROR : Invalid context
21:48:57 INFO  : ----------------XSDB Script----------------
connect -url tcp:lseserver.ddns.net:3121
source E:/Facultad/MyS/lab1/lab1.sdk/system_wrapper_hw_platform_0/ps7_init.tcl
targets -set -nocase -filter {name =~"APU*" && jtag_cable_name =~ "Digilent Arty Z7 003017A4C81CA"} -index 0
loadhw -hw E:/Facultad/MyS/lab1/lab1.sdk/system_wrapper_hw_platform_0/system.hdf -mem-ranges [list {0x40000000 0xbfffffff}]
configparams force-mem-access 1
targets -set -nocase -filter {name =~"APU*" && jtag_cable_name =~ "Digilent Arty Z7 003017A4C81CA"} -index 0
stop
ps7_init
----------------End of Script----------------

21:49:04 INFO  : Connected to target on host 'lseserver.ddns.net' and port '3121'.
21:49:04 WARN  : SDK version '2018.3' doesn't match hw_server version '2023.2'. Some debug features may not work.
21:49:04 INFO  : Jtag cable 'Digilent Arty Z7 003017A4C81CA' is selected.
21:49:04 INFO  : 'jtag frequency' command is executed.
21:49:04 INFO  : Sourcing of 'E:/Facultad/MyS/lab1/lab1.sdk/system_wrapper_hw_platform_0/ps7_init.tcl' is done.
21:49:05 INFO  : Context for 'APU' is selected.
21:49:05 INFO  : Hardware design information is loaded from 'E:/Facultad/MyS/lab1/lab1.sdk/system_wrapper_hw_platform_0/system.hdf'.
21:49:05 INFO  : 'configparams force-mem-access 1' command is executed.
21:49:05 INFO  : Context for 'APU' is selected.
21:49:05 INFO  : 'stop' command is executed.
21:49:07 ERROR : Invalid context
21:49:07 INFO  : ----------------XSDB Script----------------
connect -url tcp:lseserver.ddns.net:3121
source E:/Facultad/MyS/lab1/lab1.sdk/system_wrapper_hw_platform_0/ps7_init.tcl
targets -set -nocase -filter {name =~"APU*" && jtag_cable_name =~ "Digilent Arty Z7 003017A4C81CA"} -index 0
loadhw -hw E:/Facultad/MyS/lab1/lab1.sdk/system_wrapper_hw_platform_0/system.hdf -mem-ranges [list {0x40000000 0xbfffffff}]
configparams force-mem-access 1
targets -set -nocase -filter {name =~"APU*" && jtag_cable_name =~ "Digilent Arty Z7 003017A4C81CA"} -index 0
stop
ps7_init
----------------End of Script----------------

21:49:47 INFO  : Connected to target on host 'lseserver.ddns.net' and port '3121'.
21:49:47 WARN  : SDK version '2018.3' doesn't match hw_server version '2023.2'. Some debug features may not work.
21:49:47 INFO  : Jtag cable 'Digilent Arty Z7 003017A4C81CA' is selected.
21:49:47 INFO  : 'jtag frequency' command is executed.
21:49:47 INFO  : Sourcing of 'E:/Facultad/MyS/lab1/lab1.sdk/system_wrapper_hw_platform_0/ps7_init.tcl' is done.
21:49:47 INFO  : Context for 'APU' is selected.
21:49:48 INFO  : System reset is completed.
21:49:51 INFO  : 'after 3000' command is executed.
21:49:51 INFO  : Context for 'APU' is selected.
21:49:51 INFO  : Hardware design information is loaded from 'E:/Facultad/MyS/lab1/lab1.sdk/system_wrapper_hw_platform_0/system.hdf'.
21:49:51 INFO  : 'configparams force-mem-access 1' command is executed.
21:49:51 INFO  : Context for 'APU' is selected.
21:49:53 ERROR : Invalid context
21:49:53 INFO  : ----------------XSDB Script----------------
connect -url tcp:lseserver.ddns.net:3121
source E:/Facultad/MyS/lab1/lab1.sdk/system_wrapper_hw_platform_0/ps7_init.tcl
targets -set -nocase -filter {name =~"APU*" && jtag_cable_name =~ "Digilent Arty Z7 003017A4C81CA"} -index 0
rst -system
after 3000
targets -set -nocase -filter {name =~"APU*" && jtag_cable_name =~ "Digilent Arty Z7 003017A4C81CA"} -index 0
loadhw -hw E:/Facultad/MyS/lab1/lab1.sdk/system_wrapper_hw_platform_0/system.hdf -mem-ranges [list {0x40000000 0xbfffffff}]
configparams force-mem-access 1
targets -set -nocase -filter {name =~"APU*" && jtag_cable_name =~ "Digilent Arty Z7 003017A4C81CA"} -index 0
ps7_init
----------------End of Script----------------

21:50:44 INFO  : Connected to target on host 'lseserver.ddns.net' and port '3121'.
21:51:14 INFO  : Connected to target on host 'lseserver.ddns.net' and port '3121'.
21:51:14 WARN  : SDK version '2018.3' doesn't match hw_server version '2023.2'. Some debug features may not work.
21:51:15 INFO  : Jtag cable 'Digilent Arty Z7 003017A4C81CA' is selected.
21:51:15 INFO  : 'jtag frequency' command is executed.
21:51:15 INFO  : Sourcing of 'E:/Facultad/MyS/lab1/lab1.sdk/system_wrapper_hw_platform_0/ps7_init.tcl' is done.
21:51:15 INFO  : Context for 'APU' is selected.
21:51:15 INFO  : System reset is completed.
21:51:18 INFO  : 'after 3000' command is executed.
21:51:18 INFO  : Context for 'APU' is selected.
21:51:19 INFO  : Hardware design information is loaded from 'E:/Facultad/MyS/lab1/lab1.sdk/system_wrapper_hw_platform_0/system.hdf'.
21:51:19 INFO  : 'configparams force-mem-access 1' command is executed.
21:51:19 INFO  : Context for 'APU' is selected.
21:51:20 ERROR : Invalid context
21:51:20 INFO  : ----------------XSDB Script----------------
connect -url tcp:lseserver.ddns.net:3121
source E:/Facultad/MyS/lab1/lab1.sdk/system_wrapper_hw_platform_0/ps7_init.tcl
targets -set -nocase -filter {name =~"APU*" && jtag_cable_name =~ "Digilent Arty Z7 003017A4C81CA"} -index 0
rst -system
after 3000
targets -set -nocase -filter {name =~"APU*" && jtag_cable_name =~ "Digilent Arty Z7 003017A4C81CA"} -index 0
loadhw -hw E:/Facultad/MyS/lab1/lab1.sdk/system_wrapper_hw_platform_0/system.hdf -mem-ranges [list {0x40000000 0xbfffffff}]
configparams force-mem-access 1
targets -set -nocase -filter {name =~"APU*" && jtag_cable_name =~ "Digilent Arty Z7 003017A4C81CA"} -index 0
ps7_init
----------------End of Script----------------

21:53:12 INFO  : Registering command handlers for SDK TCF services
21:53:12 INFO  : Launching XSCT server: xsct.bat -interactive E:\Facultad\MyS\lab1\lab1.sdk\temp_xsdb_launch_script.tcl
21:53:13 INFO  : XSCT server has started successfully.
21:53:13 INFO  : Successfully done setting XSCT server connection channel  
21:53:13 INFO  : Successfully done setting SDK workspace  
21:53:13 INFO  : Processing command line option -hwspec E:/Facultad/MyS/lab1/lab1.sdk/system_wrapper.hdf.
21:53:13 INFO  : Checking for hwspec changes in the project system_wrapper_hw_platform_0.
21:53:40 INFO  : Connected to target on host 'lseserver.ddns.net' and port '3121'.
21:53:41 WARN  : SDK version '2018.3' doesn't match hw_server version '2023.2'. Some debug features may not work.
21:53:41 INFO  : Jtag cable 'Digilent Arty Z7 003017A4C81CA' is selected.
21:53:41 INFO  : 'jtag frequency' command is executed.
21:53:41 INFO  : Sourcing of 'E:/Facultad/MyS/lab1/lab1.sdk/system_wrapper_hw_platform_0/ps7_init.tcl' is done.
21:53:41 INFO  : Context for 'APU' is selected.
21:53:42 INFO  : System reset is completed.
21:53:45 INFO  : 'after 3000' command is executed.
21:53:45 INFO  : Context for 'APU' is selected.
21:53:45 INFO  : Hardware design information is loaded from 'E:/Facultad/MyS/lab1/lab1.sdk/system_wrapper_hw_platform_0/system.hdf'.
21:53:45 INFO  : 'configparams force-mem-access 1' command is executed.
21:53:45 INFO  : Context for 'APU' is selected.
21:53:47 ERROR : Cannot flush JTAG server queue. ftdi_write_data_submit failed: all fine
21:53:47 INFO  : ----------------XSDB Script----------------
connect -url tcp:lseserver.ddns.net:3121
source E:/Facultad/MyS/lab1/lab1.sdk/system_wrapper_hw_platform_0/ps7_init.tcl
targets -set -nocase -filter {name =~"APU*" && jtag_cable_name =~ "Digilent Arty Z7 003017A4C81CA"} -index 0
rst -system
after 3000
targets -set -nocase -filter {name =~"APU*" && jtag_cable_name =~ "Digilent Arty Z7 003017A4C81CA"} -index 0
loadhw -hw E:/Facultad/MyS/lab1/lab1.sdk/system_wrapper_hw_platform_0/system.hdf -mem-ranges [list {0x40000000 0xbfffffff}]
configparams force-mem-access 1
targets -set -nocase -filter {name =~"APU*" && jtag_cable_name =~ "Digilent Arty Z7 003017A4C81CA"} -index 0
ps7_init
----------------End of Script----------------

21:55:44 INFO  : Connected to target on host 'lseserver.ddns.net' and port '3121'.
21:55:56 INFO  : Connected to target on host 'lseserver.ddns.net' and port '3121'.
21:56:14 INFO  : Connected to target on host 'lseserver.ddns.net' and port '3121'.
21:56:14 WARN  : SDK version '2018.3' doesn't match hw_server version '2023.2'. Some debug features may not work.
21:56:14 INFO  : Jtag cable 'Digilent Arty Z7 003017A4C81CA' is selected.
21:56:14 INFO  : 'jtag frequency' command is executed.
21:56:14 INFO  : Sourcing of 'E:/Facultad/MyS/lab1/lab1.sdk/system_wrapper_hw_platform_0/ps7_init.tcl' is done.
21:56:14 INFO  : Context for 'APU' is selected.
21:56:15 INFO  : Hardware design information is loaded from 'E:/Facultad/MyS/lab1/lab1.sdk/system_wrapper_hw_platform_0/system.hdf'.
21:56:15 INFO  : 'configparams force-mem-access 1' command is executed.
21:56:15 INFO  : Context for 'APU' is selected.
21:56:15 INFO  : 'stop' command is executed.
21:56:28 INFO  : 'ps7_init' command is executed.
21:56:28 INFO  : 'ps7_post_config' command is executed.
21:56:28 INFO  : Context for processor 'ps7_cortexa9_0' is selected.
21:56:29 INFO  : Processor reset is completed for 'ps7_cortexa9_0'.
21:56:29 INFO  : Context for processor 'ps7_cortexa9_0' is selected.
21:56:29 INFO  : The application 'E:/Facultad/MyS/lab1/lab1.sdk/mem_test/Debug/mem_test.elf' is downloaded to processor 'ps7_cortexa9_0'.
21:56:29 INFO  : 'configparams force-mem-access 0' command is executed.
21:56:29 INFO  : ----------------XSDB Script----------------
connect -url tcp:lseserver.ddns.net:3121
source E:/Facultad/MyS/lab1/lab1.sdk/system_wrapper_hw_platform_0/ps7_init.tcl
targets -set -nocase -filter {name =~"APU*" && jtag_cable_name =~ "Digilent Arty Z7 003017A4C8ABA"} -index 0
loadhw -hw E:/Facultad/MyS/lab1/lab1.sdk/system_wrapper_hw_platform_0/system.hdf -mem-ranges [list {0x40000000 0xbfffffff}]
configparams force-mem-access 1
targets -set -nocase -filter {name =~"APU*" && jtag_cable_name =~ "Digilent Arty Z7 003017A4C8ABA"} -index 0
stop
ps7_init
ps7_post_config
targets -set -nocase -filter {name =~ "ARM*#0" && jtag_cable_name =~ "Digilent Arty Z7 003017A4C8ABA"} -index 0
rst -processor
targets -set -nocase -filter {name =~ "ARM*#0" && jtag_cable_name =~ "Digilent Arty Z7 003017A4C8ABA"} -index 0
dow E:/Facultad/MyS/lab1/lab1.sdk/mem_test/Debug/mem_test.elf
configparams force-mem-access 0
----------------End of Script----------------

21:56:30 INFO  : Context for processor 'ps7_cortexa9_0' is selected.
21:56:30 INFO  : 'con' command is executed.
21:56:30 INFO  : ----------------XSDB Script (After Launch)----------------
targets -set -nocase -filter {name =~ "ARM*#0" && jtag_cable_name =~ "Digilent Arty Z7 003017A4C8ABA"} -index 0
con
----------------End of Script----------------

21:56:30 INFO  : Launch script is exported to file 'E:\Facultad\MyS\lab1\lab1.sdk\.sdk\launch_scripts\xilinx_c-c++_application_(system_debugger)\system_debugger_using_debug_mem_test.elf_on_lseserver.ddns.net.tcl'
21:58:10 INFO  : Disconnected from the channel tcfchan#1.
21:58:11 INFO  : Connected to target on host 'lseserver.ddns.net' and port '3121'.
21:58:11 WARN  : SDK version '2018.3' doesn't match hw_server version '2023.2'. Some debug features may not work.
21:58:11 INFO  : Jtag cable 'Digilent Arty Z7 003017A4C81CA' is selected.
21:58:11 INFO  : 'jtag frequency' command is executed.
21:58:11 INFO  : Sourcing of 'E:/Facultad/MyS/lab1/lab1.sdk/system_wrapper_hw_platform_0/ps7_init.tcl' is done.
21:58:12 INFO  : Context for 'APU' is selected.
21:58:13 INFO  : Hardware design information is loaded from 'E:/Facultad/MyS/lab1/lab1.sdk/system_wrapper_hw_platform_0/system.hdf'.
21:58:13 INFO  : 'configparams force-mem-access 1' command is executed.
21:58:13 INFO  : Context for 'APU' is selected.
21:58:13 INFO  : 'stop' command is executed.
21:58:26 INFO  : 'ps7_init' command is executed.
21:58:26 INFO  : 'ps7_post_config' command is executed.
21:58:26 INFO  : Context for processor 'ps7_cortexa9_0' is selected.
21:58:26 INFO  : Processor reset is completed for 'ps7_cortexa9_0'.
21:58:27 INFO  : Context for processor 'ps7_cortexa9_0' is selected.
21:58:27 INFO  : The application 'E:/Facultad/MyS/lab1/lab1.sdk/mem_test/Debug/mem_test.elf' is downloaded to processor 'ps7_cortexa9_0'.
21:58:27 INFO  : 'configparams force-mem-access 0' command is executed.
21:58:27 INFO  : ----------------XSDB Script----------------
connect -url tcp:lseserver.ddns.net:3121
source E:/Facultad/MyS/lab1/lab1.sdk/system_wrapper_hw_platform_0/ps7_init.tcl
targets -set -nocase -filter {name =~"APU*" && jtag_cable_name =~ "Digilent Arty Z7 003017A4C8ABA"} -index 0
loadhw -hw E:/Facultad/MyS/lab1/lab1.sdk/system_wrapper_hw_platform_0/system.hdf -mem-ranges [list {0x40000000 0xbfffffff}]
configparams force-mem-access 1
targets -set -nocase -filter {name =~"APU*" && jtag_cable_name =~ "Digilent Arty Z7 003017A4C8ABA"} -index 0
stop
ps7_init
ps7_post_config
targets -set -nocase -filter {name =~ "ARM*#0" && jtag_cable_name =~ "Digilent Arty Z7 003017A4C8ABA"} -index 0
rst -processor
targets -set -nocase -filter {name =~ "ARM*#0" && jtag_cable_name =~ "Digilent Arty Z7 003017A4C8ABA"} -index 0
dow E:/Facultad/MyS/lab1/lab1.sdk/mem_test/Debug/mem_test.elf
configparams force-mem-access 0
----------------End of Script----------------

21:58:27 INFO  : Context for processor 'ps7_cortexa9_0' is selected.
21:58:28 INFO  : 'con' command is executed.
21:58:28 INFO  : ----------------XSDB Script (After Launch)----------------
targets -set -nocase -filter {name =~ "ARM*#0" && jtag_cable_name =~ "Digilent Arty Z7 003017A4C8ABA"} -index 0
con
----------------End of Script----------------

21:58:28 INFO  : Launch script is exported to file 'E:\Facultad\MyS\lab1\lab1.sdk\.sdk\launch_scripts\xilinx_c-c++_application_(system_debugger)\system_debugger_using_debug_mem_test.elf_on_lseserver.ddns.net.tcl'
22:00:56 INFO  : Disconnected from the channel tcfchan#2.
12:11:31 INFO  : Registering command handlers for SDK TCF services
12:11:31 INFO  : Launching XSCT server: xsct.bat -interactive E:\Facultad\MyS\lab1\lab1.sdk\temp_xsdb_launch_script.tcl
12:11:32 INFO  : XSCT server has started successfully.
12:11:33 INFO  : Successfully done setting XSCT server connection channel  
12:11:33 INFO  : Successfully done setting SDK workspace  
12:11:33 INFO  : Processing command line option -hwspec E:/Facultad/MyS/lab1/lab1.sdk/system_wrapper.hdf.
12:11:33 INFO  : Checking for hwspec changes in the project system_wrapper_hw_platform_0.
