Copyright 1986-2018 Xilinx, Inc. All Rights Reserved.
----------------------------------------------------------------------------------------------------------------------------------------------------------------------------------
| Tool Version     : Vivado v.2018.3 (win64) Build 2405991 Thu Dec  6 23:38:27 MST 2018
| Date             : Wed Nov 12 11:25:03 2025
| Host             : desarrollo running 64-bit major release  (build 9200)
| Command          : report_power -file sistema_lab2_wrapper_power_routed.rpt -pb sistema_lab2_wrapper_power_summary_routed.pb -rpx sistema_lab2_wrapper_power_routed.rpx
| Design           : sistema_lab2_wrapper
| Device           : xc7z010clg400-1
| Design State     : routed
| Grade            : commercial
| Process          : typical
| Characterization : Production
----------------------------------------------------------------------------------------------------------------------------------------------------------------------------------

Power Report

Table of Contents
-----------------
1. Summary
1.1 On-Chip Components
1.2 Power Supply Summary
1.3 Confidence Level
2. Settings
2.1 Environment
2.2 Clock Constraints
3. Detailed Reports
3.1 By Hierarchy

1. Summary
----------

+--------------------------+--------------+
| Total On-Chip Power (W)  | 1.491        |
| Design Power Budget (W)  | Unspecified* |
| Power Budget Margin (W)  | NA           |
| Dynamic (W)              | 1.374        |
| Device Static (W)        | 0.117        |
| Effective TJA (C/W)      | 11.5         |
| Max Ambient (C)          | 67.8         |
| Junction Temperature (C) | 42.2         |
| Confidence Level         | Medium       |
| Setting File             | ---          |
| Simulation Activity File | ---          |
| Design Nets Matched      | NA           |
+--------------------------+--------------+
* Specify Design Power Budget using, set_operating_conditions -design_power_budget <value in Watts>


1.1 On-Chip Components
----------------------

+--------------------------+-----------+----------+-----------+-----------------+
| On-Chip                  | Power (W) | Used     | Available | Utilization (%) |
+--------------------------+-----------+----------+-----------+-----------------+
| Clocks                   |     0.008 |        7 |       --- |             --- |
| Slice Logic              |     0.002 |     3702 |       --- |             --- |
|   LUT as Logic           |     0.001 |     1136 |     17600 |            6.45 |
|   Register               |    <0.001 |     1839 |     35200 |            5.22 |
|   CARRY4                 |    <0.001 |       30 |      4400 |            0.68 |
|   LUT as Distributed RAM |    <0.001 |       24 |      6000 |            0.40 |
|   LUT as Shift Register  |    <0.001 |       62 |      6000 |            1.03 |
|   Others                 |     0.000 |      324 |       --- |             --- |
| Signals                  |     0.002 |     2668 |       --- |             --- |
| MMCM                     |     0.106 |        1 |         2 |           50.00 |
| I/O                      |    <0.001 |        1 |       100 |            1.00 |
| PS7                      |     1.256 |        1 |       --- |             --- |
| Static Power             |     0.117 |          |           |                 |
| Total                    |     1.491 |          |           |                 |
+--------------------------+-----------+----------+-----------+-----------------+


1.2 Power Supply Summary
------------------------

+-----------+-------------+-----------+-------------+------------+
| Source    | Voltage (V) | Total (A) | Dynamic (A) | Static (A) |
+-----------+-------------+-----------+-------------+------------+
| Vccint    |       1.000 |     0.019 |       0.012 |      0.006 |
| Vccaux    |       1.800 |     0.066 |       0.059 |      0.008 |
| Vcco33    |       3.300 |     0.000 |       0.000 |      0.000 |
| Vcco25    |       2.500 |     0.000 |       0.000 |      0.000 |
| Vcco18    |       1.800 |     0.000 |       0.000 |      0.000 |
| Vcco15    |       1.500 |     0.000 |       0.000 |      0.000 |
| Vcco135   |       1.350 |     0.000 |       0.000 |      0.000 |
| Vcco12    |       1.200 |     0.000 |       0.000 |      0.000 |
| Vccaux_io |       1.800 |     0.000 |       0.000 |      0.000 |
| Vccbram   |       1.000 |     0.000 |       0.000 |      0.000 |
| MGTAVcc   |       1.000 |     0.000 |       0.000 |      0.000 |
| MGTAVtt   |       1.200 |     0.000 |       0.000 |      0.000 |
| MGTVccaux |       1.800 |     0.000 |       0.000 |      0.000 |
| Vccpint   |       1.000 |     0.675 |       0.647 |      0.028 |
| Vccpaux   |       1.800 |     0.036 |       0.026 |      0.010 |
| Vccpll    |       1.800 |     0.017 |       0.014 |      0.003 |
| Vcco_ddr  |       1.500 |     0.354 |       0.352 |      0.002 |
| Vcco_mio0 |       3.300 |     0.003 |       0.002 |      0.001 |
| Vcco_mio1 |       1.800 |     0.003 |       0.002 |      0.001 |
| Vccadc    |       1.800 |     0.020 |       0.000 |      0.020 |
+-----------+-------------+-----------+-------------+------------+


1.3 Confidence Level
--------------------

+-----------------------------+------------+------------------------------------------------+------------------------------------------------------------------------------------------------------------+
| User Input Data             | Confidence | Details                                        | Action                                                                                                     |
+-----------------------------+------------+------------------------------------------------+------------------------------------------------------------------------------------------------------------+
| Design implementation state | High       | Design is routed                               |                                                                                                            |
| Clock nodes activity        | High       | User specified more than 95% of clocks         |                                                                                                            |
| I/O nodes activity          | High       | User specified more than 95% of inputs         |                                                                                                            |
| Internal nodes activity     | Medium     | User specified less than 25% of internal nodes | Provide missing internal nodes activity with simulation results or by editing the "By Resource Type" views |
| Device models               | High       | Device models are Production                   |                                                                                                            |
|                             |            |                                                |                                                                                                            |
| Overall confidence level    | Medium     |                                                |                                                                                                            |
+-----------------------------+------------+------------------------------------------------+------------------------------------------------------------------------------------------------------------+


2. Settings
-----------

2.1 Environment
---------------

+-----------------------+------------------------+
| Ambient Temp (C)      | 25.0                   |
| ThetaJA (C/W)         | 11.5                   |
| Airflow (LFM)         | 250                    |
| Heat Sink             | none                   |
| ThetaSA (C/W)         | 0.0                    |
| Board Selection       | medium (10"x10")       |
| # of Board Layers     | 8to11 (8 to 11 Layers) |
| Board Temperature (C) | 25.0                   |
+-----------------------+------------------------+


2.2 Clock Constraints
---------------------

+--------------------------------------------------------------------------------------------+----------------------------------------------------------------------+-----------------+
| Clock                                                                                      | Domain                                                               | Constraint (ns) |
+--------------------------------------------------------------------------------------------+----------------------------------------------------------------------+-----------------+
| clk_fpga_0                                                                                 | sistema_lab2_i/processing_system7_0/inst/FCLK_CLK_unbuffered[0]      |            10.0 |
| clk_out1_sistema_lab2_clk_wiz_0                                                            | sistema_lab2_i/clk_wiz/inst/clk_out1_sistema_lab2_clk_wiz_0          |            10.0 |
| clkfbout_sistema_lab2_clk_wiz_0                                                            | sistema_lab2_i/clk_wiz/inst/clkfbout_sistema_lab2_clk_wiz_0          |             8.0 |
| dbg_hub/inst/BSCANID.u_xsdbm_id/SWITCH_N_EXT_BSCAN.bscan_inst/SERIES7_BSCAN.bscan_inst/TCK | dbg_hub/inst/BSCANID.u_xsdbm_id/SWITCH_N_EXT_BSCAN.bscan_inst/tck_bs |            33.0 |
| sys_clock                                                                                  | sys_clock                                                            |             8.0 |
+--------------------------------------------------------------------------------------------+----------------------------------------------------------------------+-----------------+


3. Detailed Reports
-------------------

3.1 By Hierarchy
----------------

+--------------------------+-----------+
| Name                     | Power (W) |
+--------------------------+-----------+
| sistema_lab2_wrapper     |     1.374 |
|   dbg_hub                |     0.003 |
|     inst                 |     0.003 |
|       BSCANID.u_xsdbm_id |     0.003 |
|   sistema_lab2_i         |     1.371 |
|     clk_wiz              |     0.107 |
|       inst               |     0.107 |
|     processing_system7_0 |     1.256 |
|       inst               |     1.256 |
|     ps7_0_axi_periph     |     0.005 |
|       s00_couplers       |     0.004 |
|     vio_0                |     0.002 |
|       inst               |     0.002 |
+--------------------------+-----------+


